<?xml version="1.0" encoding="UTF-8"?>
<!-- Generated by org.testng.reporters.JUnitReportReporter -->
<testsuite skipped="0" hostname="DESKTOP-5Q10T39" name="poly.Lab08.SaveTestNGResultToExcel" tests="3" failures="0" timestamp="2020-07-12T16:17:24 ICT" time="7.187" errors="0">
  <testcase name="LaunchWebsite" time="4.635" classname="poly.Lab08.SaveTestNGResultToExcel"/>
  <system-out/>
  <testcase name="FillLoginDetails" time="1.470" classname="poly.Lab08.SaveTestNGResultToExcel"/>
  <system-out/>
  <testcase name="DoLogin" time="1.082" classname="poly.Lab08.SaveTestNGResultToExcel"/>
  <system-out/>
</testsuite> <!-- poly.Lab08.SaveTestNGResultToExcel -->
